<?xml version="1.0" encoding="UTF-8"?>
<testng-results ignored="0" total="4" passed="4" failed="0" skipped="0">
  <reporter-output>
  </reporter-output>
  <suite started-at="2023-03-12T02:21:32 ACDT" name="Suite" finished-at="2023-03-12T02:22:45 ACDT" duration-ms="73504">
    <groups>
    </groups>
    <test started-at="2023-03-12T02:21:32 ACDT" name="Test1" finished-at="2023-03-12T02:22:45 ACDT" duration-ms="73504">
      <class name="testcases.LoginTest">
        <test-method is-config="true" signature="testData()[pri:0, instance:testcases.LoginTest@6adbc9d]" started-at="2023-03-12T02:21:32 ACDT" name="testData" finished-at="2023-03-12T02:21:33 ACDT" duration-ms="703" status="PASS">
          <reporter-output>
          </reporter-output>
        </test-method> <!-- testData -->
        <test-method is-config="true" signature="SetUp()[pri:0, instance:testcases.LoginTest@6adbc9d]" started-at="2023-03-12T02:21:33 ACDT" name="SetUp" finished-at="2023-03-12T02:21:37 ACDT" duration-ms="4277" status="PASS">
          <reporter-output>
          </reporter-output>
        </test-method> <!-- SetUp -->
        <test-method signature="LogiFailureTest()[pri:0, instance:testcases.LoginTest@6adbc9d]" started-at="2023-03-12T02:21:37 ACDT" name="LogiFailureTest" finished-at="2023-03-12T02:22:03 ACDT" duration-ms="25588" status="PASS">
          <reporter-output>
          </reporter-output>
        </test-method> <!-- LogiFailureTest -->
        <test-method is-config="true" signature="QuitBrowser()[pri:0, instance:testcases.LoginTest@6adbc9d]" started-at="2023-03-12T02:22:03 ACDT" name="QuitBrowser" finished-at="2023-03-12T02:22:03 ACDT" duration-ms="384" status="PASS">
          <reporter-output>
          </reporter-output>
        </test-method> <!-- QuitBrowser -->
        <test-method is-config="true" signature="SetUp()[pri:0, instance:testcases.LoginTest@6adbc9d]" started-at="2023-03-12T02:22:03 ACDT" name="SetUp" finished-at="2023-03-12T02:22:06 ACDT" duration-ms="3375" status="PASS">
          <reporter-output>
          </reporter-output>
        </test-method> <!-- SetUp -->
        <test-method signature="LoginSuccessTest()[pri:0, instance:testcases.LoginTest@6adbc9d]" started-at="2023-03-12T02:22:06 ACDT" name="LoginSuccessTest" finished-at="2023-03-12T02:22:18 ACDT" duration-ms="11301" status="PASS">
          <reporter-output>
          </reporter-output>
        </test-method> <!-- LoginSuccessTest -->
        <test-method is-config="true" signature="QuitBrowser()[pri:0, instance:testcases.LoginTest@6adbc9d]" started-at="2023-03-12T02:22:18 ACDT" name="QuitBrowser" finished-at="2023-03-12T02:22:18 ACDT" duration-ms="321" status="PASS">
          <reporter-output>
          </reporter-output>
        </test-method> <!-- QuitBrowser -->
        <test-method is-config="true" signature="SetUp()[pri:0, instance:testcases.LoginTest@6adbc9d]" started-at="2023-03-12T02:22:18 ACDT" name="SetUp" finished-at="2023-03-12T02:22:21 ACDT" duration-ms="3226" status="PASS">
          <reporter-output>
          </reporter-output>
        </test-method> <!-- SetUp -->
        <test-method signature="excelTestData()[pri:0, instance:testcases.LoginTest@6adbc9d]" started-at="2023-03-12T02:22:21 ACDT" name="excelTestData" finished-at="2023-03-12T02:22:31 ACDT" duration-ms="9697" status="PASS">
          <reporter-output>
          </reporter-output>
        </test-method> <!-- excelTestData -->
        <test-method is-config="true" signature="QuitBrowser()[pri:0, instance:testcases.LoginTest@6adbc9d]" started-at="2023-03-12T02:22:31 ACDT" name="QuitBrowser" finished-at="2023-03-12T02:22:31 ACDT" duration-ms="335" status="PASS">
          <reporter-output>
          </reporter-output>
        </test-method> <!-- QuitBrowser -->
        <test-method is-config="true" signature="SetUp()[pri:0, instance:testcases.LoginTest@6adbc9d]" started-at="2023-03-12T02:22:31 ACDT" name="SetUp" finished-at="2023-03-12T02:22:34 ACDT" duration-ms="3201" status="PASS">
          <reporter-output>
          </reporter-output>
        </test-method> <!-- SetUp -->
        <test-method signature="paramTest(java.lang.String,java.lang.String)[pri:0, instance:testcases.LoginTest@6adbc9d]" started-at="2023-03-12T02:22:34 ACDT" name="paramTest" finished-at="2023-03-12T02:22:45 ACDT" duration-ms="10491" status="PASS">
          <params>
            <param index="0">
              <value>
                <![CDATA[prasad@gmail.com]]>
              </value>
            </param>
            <param index="1">
              <value>
                <![CDATA[Test!2345]]>
              </value>
            </param>
          </params>
          <reporter-output>
          </reporter-output>
        </test-method> <!-- paramTest -->
        <test-method is-config="true" signature="QuitBrowser()[pri:0, instance:testcases.LoginTest@6adbc9d]" started-at="2023-03-12T02:22:45 ACDT" name="QuitBrowser" finished-at="2023-03-12T02:22:45 ACDT" duration-ms="313" status="PASS">
          <reporter-output>
          </reporter-output>
        </test-method> <!-- QuitBrowser -->
        <test-method is-config="true" signature="dataclose()[pri:0, instance:testcases.LoginTest@6adbc9d]" started-at="2023-03-12T02:22:45 ACDT" name="dataclose" finished-at="2023-03-12T02:22:45 ACDT" duration-ms="242" status="PASS">
          <reporter-output>
          </reporter-output>
        </test-method> <!-- dataclose -->
      </class> <!-- testcases.LoginTest -->
    </test> <!-- Test1 -->
  </suite> <!-- Suite -->
</testng-results>
