<?xml version="1.0" encoding="UTF-8"?>
<testng-results ignored="0" total="4" passed="4" failed="0" skipped="0">
  <reporter-output>
  </reporter-output>
  <suite started-at="2023-03-27T01:59:13 ACDT" name="Suite" finished-at="2023-03-27T02:00:43 ACDT" duration-ms="89654">
    <groups>
    </groups>
    <test started-at="2023-03-27T01:59:13 ACDT" name="Test1" finished-at="2023-03-27T02:00:43 ACDT" duration-ms="89654">
      <class name="testcases.LoginTest">
        <test-method is-config="true" signature="testData()[pri:0, instance:testcases.LoginTest@4ec4f3a0]" started-at="2023-03-27T01:59:13 ACDT" name="testData" finished-at="2023-03-27T01:59:14 ACDT" duration-ms="769" status="PASS">
          <reporter-output>
          </reporter-output>
        </test-method> <!-- testData -->
        <test-method is-config="true" signature="SetUp()[pri:0, instance:testcases.LoginTest@4ec4f3a0]" started-at="2023-03-27T01:59:14 ACDT" name="SetUp" finished-at="2023-03-27T01:59:18 ACDT" duration-ms="3826" status="PASS">
          <reporter-output>
          </reporter-output>
        </test-method> <!-- SetUp -->
        <test-method signature="LogiFailureTest()[pri:0, instance:testcases.LoginTest@4ec4f3a0]" started-at="2023-03-27T01:59:18 ACDT" name="LogiFailureTest" finished-at="2023-03-27T01:59:50 ACDT" duration-ms="32116" status="PASS">
          <reporter-output>
          </reporter-output>
        </test-method> <!-- LogiFailureTest -->
        <test-method is-config="true" signature="QuitBrowser()[pri:0, instance:testcases.LoginTest@4ec4f3a0]" started-at="2023-03-27T01:59:50 ACDT" name="QuitBrowser" finished-at="2023-03-27T01:59:50 ACDT" duration-ms="175" status="PASS">
          <reporter-output>
          </reporter-output>
        </test-method> <!-- QuitBrowser -->
        <test-method is-config="true" signature="SetUp()[pri:0, instance:testcases.LoginTest@4ec4f3a0]" started-at="2023-03-27T01:59:50 ACDT" name="SetUp" finished-at="2023-03-27T01:59:54 ACDT" duration-ms="3350" status="PASS">
          <reporter-output>
          </reporter-output>
        </test-method> <!-- SetUp -->
        <test-method signature="LoginSuccessTest()[pri:0, instance:testcases.LoginTest@4ec4f3a0]" started-at="2023-03-27T01:59:54 ACDT" name="LoginSuccessTest" finished-at="2023-03-27T02:00:11 ACDT" duration-ms="17812" status="PASS">
          <reporter-output>
          </reporter-output>
        </test-method> <!-- LoginSuccessTest -->
        <test-method is-config="true" signature="QuitBrowser()[pri:0, instance:testcases.LoginTest@4ec4f3a0]" started-at="2023-03-27T02:00:11 ACDT" name="QuitBrowser" finished-at="2023-03-27T02:00:12 ACDT" duration-ms="158" status="PASS">
          <reporter-output>
          </reporter-output>
        </test-method> <!-- QuitBrowser -->
        <test-method is-config="true" signature="SetUp()[pri:0, instance:testcases.LoginTest@4ec4f3a0]" started-at="2023-03-27T02:00:12 ACDT" name="SetUp" finished-at="2023-03-27T02:00:15 ACDT" duration-ms="3447" status="PASS">
          <reporter-output>
          </reporter-output>
        </test-method> <!-- SetUp -->
        <test-method signature="excelTestData()[pri:0, instance:testcases.LoginTest@4ec4f3a0]" started-at="2023-03-27T02:00:15 ACDT" name="excelTestData" finished-at="2023-03-27T02:00:25 ACDT" duration-ms="9976" status="PASS">
          <reporter-output>
          </reporter-output>
        </test-method> <!-- excelTestData -->
        <test-method is-config="true" signature="QuitBrowser()[pri:0, instance:testcases.LoginTest@4ec4f3a0]" started-at="2023-03-27T02:00:25 ACDT" name="QuitBrowser" finished-at="2023-03-27T02:00:25 ACDT" duration-ms="171" status="PASS">
          <reporter-output>
          </reporter-output>
        </test-method> <!-- QuitBrowser -->
        <test-method is-config="true" signature="SetUp()[pri:0, instance:testcases.LoginTest@4ec4f3a0]" started-at="2023-03-27T02:00:25 ACDT" name="SetUp" finished-at="2023-03-27T02:00:29 ACDT" duration-ms="3397" status="PASS">
          <reporter-output>
          </reporter-output>
        </test-method> <!-- SetUp -->
        <test-method signature="paramTest(java.lang.String,java.lang.String)[pri:0, instance:testcases.LoginTest@4ec4f3a0]" started-at="2023-03-27T02:00:29 ACDT" name="paramTest" finished-at="2023-03-27T02:00:43 ACDT" duration-ms="13950" status="PASS">
          <params>
            <param index="0">
              <value>
                <![CDATA[prasad@gmail.com]]>
              </value>
            </param>
            <param index="1">
              <value>
                <![CDATA[Test!2345]]>
              </value>
            </param>
          </params>
          <reporter-output>
          </reporter-output>
        </test-method> <!-- paramTest -->
        <test-method is-config="true" signature="QuitBrowser()[pri:0, instance:testcases.LoginTest@4ec4f3a0]" started-at="2023-03-27T02:00:43 ACDT" name="QuitBrowser" finished-at="2023-03-27T02:00:43 ACDT" duration-ms="155" status="PASS">
          <reporter-output>
          </reporter-output>
        </test-method> <!-- QuitBrowser -->
        <test-method is-config="true" signature="dataclose()[pri:0, instance:testcases.LoginTest@4ec4f3a0]" started-at="2023-03-27T02:00:43 ACDT" name="dataclose" finished-at="2023-03-27T02:00:43 ACDT" duration-ms="293" status="PASS">
          <reporter-output>
          </reporter-output>
        </test-method> <!-- dataclose -->
      </class> <!-- testcases.LoginTest -->
    </test> <!-- Test1 -->
  </suite> <!-- Suite -->
</testng-results>
