<?xml version="1.0" encoding="UTF-8"?>
<!-- Generated by org.testng.reporters.JUnitXMLReporter -->
<testsuite ignored="0" hostname="HEWC2558" failures="0" tests="4" name="Test1" time="84.264" errors="0" timestamp="2023-03-15T23:17:45 ACDT">
  <testcase classname="testcases.LoginTest" name="LogiFailureTest" time="14.243"/>
  <testcase classname="testcases.LoginTest" name="LoginSuccessTest" time="10.394"/>
  <testcase classname="testcases.LoginTest" name="excelTestData" time="11.27"/>
  <testcase classname="testcases.LoginTest" name="paramTest" time="32.126"/>
</testsuite> <!-- Test1 -->
