<?xml version="1.0" encoding="UTF-8"?>
<!-- Generated by org.testng.reporters.JUnitXMLReporter -->
<testsuite ignored="0" hostname="HEWC2558" failures="0" tests="4" name="Test1" time="89.654" errors="0" timestamp="2023-03-27T02:00:43 ACDT">
  <testcase classname="testcases.LoginTest" name="LogiFailureTest" time="32.116"/>
  <testcase classname="testcases.LoginTest" name="LoginSuccessTest" time="17.812"/>
  <testcase classname="testcases.LoginTest" name="excelTestData" time="9.976"/>
  <testcase classname="testcases.LoginTest" name="paramTest" time="13.95"/>
</testsuite> <!-- Test1 -->
