<?xml version="1.0" encoding="UTF-8"?>
<!-- Generated by org.testng.reporters.JUnitXMLReporter -->
<testsuite ignored="0" hostname="HEWC2558" failures="0" tests="4" name="Test1" time="73.504" errors="0" timestamp="2023-03-12T02:22:45 ACDT">
  <testcase classname="testcases.LoginTest" name="LogiFailureTest" time="25.588"/>
  <testcase classname="testcases.LoginTest" name="LoginSuccessTest" time="11.301"/>
  <testcase classname="testcases.LoginTest" name="excelTestData" time="9.697"/>
  <testcase classname="testcases.LoginTest" name="paramTest" time="10.491"/>
</testsuite> <!-- Test1 -->
